[0.000000] (-) TimerEvent: {}
[0.000757] (publisher) JobQueued: {'identifier': 'publisher', 'dependencies': OrderedDict()}
[0.000871] (robot_gazebo_test_description) JobQueued: {'identifier': 'robot_gazebo_test_description', 'dependencies': OrderedDict()}
[0.000964] (publisher) JobStarted: {'identifier': 'publisher'}
[0.096930] (-) TimerEvent: {}
[0.198239] (-) TimerEvent: {}
[0.301410] (-) TimerEvent: {}
[0.402848] (-) TimerEvent: {}
[0.499432] (robot_gazebo_test_description) JobStarted: {'identifier': 'robot_gazebo_test_description'}
[0.503502] (-) TimerEvent: {}
[0.607776] (-) TimerEvent: {}
[0.708766] (-) TimerEvent: {}
[0.812245] (-) TimerEvent: {}
[0.913837] (-) TimerEvent: {}
[1.016736] (-) TimerEvent: {}
[1.117661] (-) TimerEvent: {}
[1.218335] (-) TimerEvent: {}
[1.319099] (-) TimerEvent: {}
[1.419816] (-) TimerEvent: {}
[1.520859] (-) TimerEvent: {}
[1.621840] (-) TimerEvent: {}
[1.722791] (-) TimerEvent: {}
[1.823833] (-) TimerEvent: {}
[1.924936] (-) TimerEvent: {}
[2.027620] (-) TimerEvent: {}
[2.128309] (-) TimerEvent: {}
[2.231817] (-) TimerEvent: {}
[2.332439] (-) TimerEvent: {}
[2.433032] (-) TimerEvent: {}
[2.533648] (-) TimerEvent: {}
[2.634307] (-) TimerEvent: {}
[2.734870] (-) TimerEvent: {}
[2.835541] (-) TimerEvent: {}
[2.936171] (-) TimerEvent: {}
[3.036865] (-) TimerEvent: {}
[3.138190] (-) TimerEvent: {}
[3.247109] (-) TimerEvent: {}
[3.351108] (-) TimerEvent: {}
[3.451779] (-) TimerEvent: {}
[3.553404] (-) TimerEvent: {}
[3.654179] (-) TimerEvent: {}
[3.754991] (-) TimerEvent: {}
[3.855815] (-) TimerEvent: {}
[3.956731] (-) TimerEvent: {}
[4.057915] (-) TimerEvent: {}
[4.158705] (-) TimerEvent: {}
[4.259561] (-) TimerEvent: {}
[4.360489] (-) TimerEvent: {}
[4.462045] (-) TimerEvent: {}
[4.567887] (-) TimerEvent: {}
[4.669276] (-) TimerEvent: {}
[4.773903] (-) TimerEvent: {}
[4.817492] (robot_gazebo_test_description) StderrLine: {'line': b'Traceback (most recent call last):\n  File "/usr/lib/python3/dist-packages/colcon_core/executor/__init__.py", line 91, in __call__\n    rc = await self.task(*args, **kwargs)\n  File "/usr/lib/python3/dist-packages/colcon_core/task/__init__.py", line 93, in __call__\n    return await task_method(*args, **kwargs)\n  File "/usr/lib/python3/dist-packages/colcon_ros/task/ament_python/build.py", line 102, in build\n    return await extension.build(additional_hooks=additional_hooks)\n  File "/usr/lib/python3/dist-packages/colcon_core/task/python/build.py", line 85, in build\n    available_commands = await self._get_available_commands(\n  File "/usr/lib/python3/dist-packages/colcon_core/task/python/build.py", line 175, in _get_available_commands\n    output = await check_output(\n  File "/usr/lib/python3/dist-packages/colcon_core/subprocess.py", line 129, in check_output\n    assert not rc, f\'Expected {args} to pass: {stderr_data}\'\nAssertionError: Expected [\'/usr/bin/python3\', \'setup.py\', \'--help-commands\'] to pass: /home/kakacafu/.local/lib/python3.10/site-packages/setuptools/dist.py:642: UserWarning: Usage of dash-separated \'script-dir\' will not be supported in future versions. Please use the underscore name \'script_dir\' instead\n  warnings.warn(\nTraceback (most recent call last):\n  File "/home/kakacafu/gazebo2/src/robot_gazebo_test_description/setup.py", line 7, in <module>\n    setup(\n  File "/home/kakacafu/.local/lib/python3.10/site-packages/setuptools/__init__.py", line 153, in setup\n    return distutils.core.setup(**attrs)\n  File "/usr/lib/python3.10/distutils/core.py", line 134, in setup\n    ok = dist.parse_command_line()\n  File "/usr/lib/python3.10/distutils/dist.py", line 480, in parse_command_line\n    if self.handle_display_options(option_order):\n  File "/home/kakacafu/.local/lib/python3.10/site-packages/setuptools/dist.py", line 1029, in handle_display_options\n    return _Distribution.handle_display_options(self, option_order)\n  File "/usr/lib/python3.10/distutils/dist.py", line 683, in handle_display_options\n    self.print_commands()\n  File "/home/kakacafu/.local/lib/python3.10/site-packages/setuptools/dist.py", line 799, in print_commands\n    cmdclass = ep.resolve()\n  File "/home/kakacafu/.local/lib/python3.10/site-packages/pkg_resources/__init__.py", line 2456, in resolve\n    module = __import__(self.module_name, fromlist=[\'__name__\'], level=0)\n  File "/home/kakacafu/.local/lib/python3.10/site-packages/setuptools/command/bdist_wininst.py", line 1, in <module>\n    import distutils.command.bdist_wininst as orig\nModuleNotFoundError: No module named \'distutils.command.bdist_wininst\'\n\n'}
[4.820640] (robot_gazebo_test_description) JobEnded: {'identifier': 'robot_gazebo_test_description', 'rc': 1}
[4.872900] (-) TimerEvent: {}
[4.974993] (-) TimerEvent: {}
[5.025951] (publisher) JobEnded: {'identifier': 'publisher', 'rc': 'SIGINT'}
[5.038368] (-) EventReactorShutdown: {}
